[debug] [2025-08-31T13:48:53.342Z] ----------------------------------------------------------------------
[debug] [2025-08-31T13:48:53.344Z] Command:       /opt/homebrew/Cellar/node/23.1.0_1/bin/node /opt/homebrew/bin/firebase init
[debug] [2025-08-31T13:48:53.344Z] CLI Version:   14.15.1
[debug] [2025-08-31T13:48:53.344Z] Platform:      darwin
[debug] [2025-08-31T13:48:53.344Z] Node Version:  v23.1.0
[debug] [2025-08-31T13:48:53.344Z] Time:          Sun Aug 31 2025 15:48:53 GMT+0200 (Mitteleuropäische Sommerzeit)
[debug] [2025-08-31T13:48:53.345Z] ----------------------------------------------------------------------
[debug] 
[debug] [2025-08-31T13:48:53.348Z] > command requires scopes: ["email","openid","https://www.googleapis.com/auth/cloudplatformprojects.readonly","https://www.googleapis.com/auth/firebase","https://www.googleapis.com/auth/cloud-platform"]
[debug] [2025-08-31T13:48:53.348Z] > authorizing via signed-in user (shp0.mkt1@icloud.com)
[info] 
     ######## #### ########  ######## ########     ###     ######  ########
     ##        ##  ##     ## ##       ##     ##  ##   ##  ##       ##
     ######    ##  ########  ######   ########  #########  ######  ######
     ##        ##  ##    ##  ##       ##     ## ##     ##       ## ##
     ##       #### ##     ## ######## ########  ##     ##  ######  ########

You're about to initialize a Firebase project in this directory:

  /Users/muharremakdemir/dev/striveBoard

[info] 
=== Project Setup
[info] 
[info] First, let's associate this project directory with a Firebase project.
[info] You can create multiple project aliases by running firebase use --add, 
[info] but for now we'll just set up a default project.
[info] 
[debug] [2025-08-31T13:48:57.400Z] Checked if tokens are valid: true, expires at: 1756651721586
[debug] [2025-08-31T13:48:57.401Z] Checked if tokens are valid: true, expires at: 1756651721586
[debug] [2025-08-31T13:48:57.403Z] >>> [apiv2][query] GET https://firebase.googleapis.com/v1beta1/projects pageSize=100
[debug] [2025-08-31T13:48:58.072Z] <<< [apiv2][status] GET https://firebase.googleapis.com/v1beta1/projects 200
[debug] [2025-08-31T13:48:58.072Z] <<< [apiv2][body] GET https://firebase.googleapis.com/v1beta1/projects [omitted]
[info] i  Using project strive-board-app (strive-board-app) 
[info] 
=== Hosting Setup
[debug] [2025-08-31T13:48:59.174Z] Checked if tokens are valid: true, expires at: 1756651721586
[debug] [2025-08-31T13:48:59.174Z] Checked if tokens are valid: true, expires at: 1756651721586
[debug] [2025-08-31T13:48:59.174Z] >>> [apiv2][query] GET https://firebase.googleapis.com/v1beta1/projects/strive-board-app [none]
[debug] [2025-08-31T13:48:59.609Z] <<< [apiv2][status] GET https://firebase.googleapis.com/v1beta1/projects/strive-board-app 200
[debug] [2025-08-31T13:48:59.609Z] <<< [apiv2][body] GET https://firebase.googleapis.com/v1beta1/projects/strive-board-app {"projectId":"strive-board-app","projectNumber":"594831935383","displayName":"strive-board-app","name":"projects/strive-board-app","resources":{"hostingSite":"strive-board-app"},"state":"ACTIVE","etag":"1_62a5cb6b-115d-41ab-afcd-1b937fd2de6e"}
[info] 
[info] Your public directory is the folder (relative to your project directory) that
[info] will contain Hosting assets to be uploaded with firebase deploy. If you
[info] have a build process for your assets, use your build's output directory.
[info] 
[debug] [2025-08-31T13:49:53.228Z] ExitPromptError: User force closed the prompt with SIGINT
    at Interface.sigint (/opt/homebrew/lib/node_modules/firebase-tools/node_modules/@inquirer/core/dist/commonjs/lib/create-prompt.js:101:37)
    at Interface.emit (node:events:507:28)
    at Interface.emit (node:domain:489:12)
    at [_ttyWrite] [as _ttyWrite] (node:internal/readline/interface:1125:18)
    at ReadStream.onkeypress (node:internal/readline/interface:264:20)
    at ReadStream.emit (node:events:519:35)
    at ReadStream.emit (node:domain:489:12)
    at emitKeys (node:internal/readline/utils:370:14)
    at emitKeys.next (<anonymous>)
    at ReadStream.onData (node:internal/readline/emitKeypressEvents:64:36)
[error] 
[error] Error: An unexpected error has occurred.
